[0425/111351.703:ERROR:process_reader_win.cc(182)] ResumeThread: El parámetro no es correcto. (0x57)
[0425/111351.718:ERROR:process_reader_win.cc(151)] SuspendThread: Acceso denegado. (0x5)
[0425/111351.718:ERROR:process_reader_win.cc(151)] SuspendThread: Acceso denegado. (0x5)
[0425/111351.718:ERROR:process_reader_win.cc(151)] SuspendThread: Acceso denegado. (0x5)
[0425/111351.718:ERROR:process_reader_win.cc(151)] SuspendThread: Acceso denegado. (0x5)
[0425/111351.718:ERROR:process_reader_win.cc(151)] SuspendThread: Acceso denegado. (0x5)
[0425/111351.718:ERROR:process_reader_win.cc(151)] SuspendThread: Acceso denegado. (0x5)
[0425/111351.718:ERROR:process_reader_win.cc(123)] NtOpenThread: Se ha especificado un identificador de cliente no válido. (0xc000000b)
[0425/111351.734:ERROR:process_reader_win.cc(123)] NtOpenThread: Se ha especificado un identificador de cliente no válido. (0xc000000b)
[0425/111351.734:ERROR:process_reader_win.cc(123)] NtOpenThread: Se ha especificado un identificador de cliente no válido. (0xc000000b)
[0425/111351.734:ERROR:process_reader_win.cc(123)] NtOpenThread: Se ha especificado un identificador de cliente no válido. (0xc000000b)
[0425/111351.734:ERROR:process_reader_win.cc(123)] NtOpenThread: Se ha especificado un identificador de cliente no válido. (0xc000000b)
[0425/111351.734:ERROR:process_reader_win.cc(123)] NtOpenThread: Se ha especificado un identificador de cliente no válido. (0xc000000b)
[0425/111351.734:ERROR:process_reader_win.cc(123)] NtOpenThread: Se ha especificado un identificador de cliente no válido. (0xc000000b)
[0425/111351.734:ERROR:exception_snapshot_win.cc(98)] thread ID 5664 not found in process
[0425/111351.734:ERROR:scoped_process_suspend.cc(40)] NtResumeProcess: Se intentó obtener acceso a un proceso que está cerrándose. (0xc000010a)
[0429/084718.240:ERROR:process_info.cc(329)] VirtualQueryEx: Acceso denegado. (0x5)
[0429/084718.256:ERROR:process_info.cc(550)] ReadMemoryInfo failed
[0429/084718.256:ERROR:scoped_process_suspend.cc(40)] NtResumeProcess: Se intentó obtener acceso a un proceso que está cerrándose. (0xc000010a)
[0429/144602.828:ERROR:process_info.cc(329)] VirtualQueryEx: Acceso denegado. (0x5)
[0429/144602.843:ERROR:process_info.cc(550)] ReadMemoryInfo failed
[0429/144602.843:ERROR:scoped_process_suspend.cc(40)] NtResumeProcess: Se intentó obtener acceso a un proceso que está cerrándose. (0xc000010a)
[0522/132039.367:ERROR:process_info.cc(329)] VirtualQueryEx: Acceso denegado. (0x5)
[0522/132039.374:ERROR:process_info.cc(550)] ReadMemoryInfo failed
[0522/132039.375:ERROR:scoped_process_suspend.cc(40)] NtResumeProcess: Se intentó obtener acceso a un proceso que está cerrándose. (0xc000010a)
[0527/164348.015:ERROR:prune_crash_reports.cc(34)] PruneCrashReportDatabase: Failed to get pending reports
[0528/132236.719:ERROR:process_info.cc(329)] VirtualQueryEx: Acceso denegado. (0x5)
[0528/132236.735:ERROR:process_info.cc(550)] ReadMemoryInfo failed
[0528/132236.754:ERROR:scoped_process_suspend.cc(40)] NtResumeProcess: Se intentó obtener acceso a un proceso que está cerrándose. (0xc000010a)
[0529/094937.341:ERROR:process_info.cc(329)] VirtualQueryEx: Acceso denegado. (0x5)
[0529/094937.347:ERROR:process_info.cc(550)] ReadMemoryInfo failed
[0529/094937.348:ERROR:scoped_process_suspend.cc(40)] NtResumeProcess: Se intentó obtener acceso a un proceso que está cerrándose. (0xc000010a)
[0529/124725.112:ERROR:process_info.cc(329)] VirtualQueryEx: Acceso denegado. (0x5)
[0529/124725.119:ERROR:process_info.cc(550)] ReadMemoryInfo failed
[0529/124725.119:ERROR:scoped_process_suspend.cc(40)] NtResumeProcess: Se intentó obtener acceso a un proceso que está cerrándose. (0xc000010a)
[0702/104335.113:ERROR:process_info.cc(329)] VirtualQueryEx: Acceso denegado. (0x5)
[0702/104335.129:ERROR:process_info.cc(550)] ReadMemoryInfo failed
[0702/104335.129:ERROR:scoped_process_suspend.cc(40)] NtResumeProcess: Se intentó obtener acceso a un proceso que está cerrándose. (0xc000010a)
[0702/110503.372:ERROR:crash_report_database_win.cc(580)] CreateDirectory C:\Users\PABLOEU\AppData\Local\Temp\scoped_dir6336_15553\Crashpad: Espacio en disco insuficiente. (0x70)
[0702/110503.372:ERROR:registration_protocol_win.cc(84)] TransactNamedPipe: Ha terminado la canalización. (0x6D)
[0702/110503.388:ERROR:crash_report_database_win.cc(580)] CreateDirectory C:\Users\PABLOEU\AppData\Local\Temp\scoped_dir6336_15553\Crashpad: Espacio en disco insuficiente. (0x70)
[0702/110524.060:ERROR:crash_report_database_win.cc(580)] CreateDirectory C:\Users\PABLOEU\AppData\Local\Temp\scoped_dir7508_17741\Crashpad: Espacio en disco insuficiente. (0x70)
[0702/110524.075:ERROR:registration_protocol_win.cc(84)] TransactNamedPipe: Ha terminado la canalización. (0x6D)
[0702/110524.075:ERROR:crash_report_database_win.cc(580)] CreateDirectory C:\Users\PABLOEU\AppData\Local\Temp\scoped_dir7508_17741\Crashpad: Espacio en disco insuficiente. (0x70)
[0702/110525.964:ERROR:crash_report_database_win.cc(580)] CreateDirectory C:\Users\PABLOEU\AppData\Local\Temp\scoped_dir1512_21365\Crashpad: Espacio en disco insuficiente. (0x70)
[0702/110525.979:ERROR:registration_protocol_win.cc(84)] TransactNamedPipe: Ha terminado la canalización. (0x6D)
[0702/110525.979:ERROR:crash_report_database_win.cc(580)] CreateDirectory C:\Users\PABLOEU\AppData\Local\Temp\scoped_dir1512_21365\Crashpad: Espacio en disco insuficiente. (0x70)
[0702/110557.914:ERROR:crash_report_database_win.cc(580)] CreateDirectory C:\Users\PABLOEU\AppData\Local\Temp\scoped_dir8532_8991\Crashpad: Espacio en disco insuficiente. (0x70)
[0702/110557.914:ERROR:registration_protocol_win.cc(84)] TransactNamedPipe: Ha terminado la canalización. (0x6D)
[0702/110557.930:ERROR:crash_report_database_win.cc(580)] CreateDirectory C:\Users\PABLOEU\AppData\Local\Temp\scoped_dir8532_8991\Crashpad: Espacio en disco insuficiente. (0x70)
[0702/110559.990:ERROR:crash_report_database_win.cc(580)] CreateDirectory C:\Users\PABLOEU\AppData\Local\Temp\scoped_dir6408_31976\Crashpad: Espacio en disco insuficiente. (0x70)
[0702/110559.990:ERROR:registration_protocol_win.cc(84)] TransactNamedPipe: Ha terminado la canalización. (0x6D)
[0702/110559.990:ERROR:crash_report_database_win.cc(580)] CreateDirectory C:\Users\PABLOEU\AppData\Local\Temp\scoped_dir6408_31976\Crashpad: Espacio en disco insuficiente. (0x70)
[0702/110632.752:ERROR:crash_report_database_win.cc(580)] CreateDirectory C:\Users\PABLOEU\AppData\Local\Temp\scoped_dir9928_2040\Crashpad: Espacio en disco insuficiente. (0x70)
[0702/110632.767:ERROR:registration_protocol_win.cc(84)] TransactNamedPipe: Ha terminado la canalización. (0x6D)
[0702/110632.767:ERROR:crash_report_database_win.cc(580)] CreateDirectory C:\Users\PABLOEU\AppData\Local\Temp\scoped_dir9928_2040\Crashpad: Espacio en disco insuficiente. (0x70)
